{"message":"Database connection successful","level":"info"}
{"message":"Database connection successful","level":"info"}
{"message":"Database connection successful","level":"info"}
{"message":"Database connection successful","level":"info"}
{"message":"Server running at undefined:undefined","level":"info"}
{"message":"Database connection successful","level":"info"}
{"message":"Server running at undefined:5000","level":"info"}
{"message":"Database connection successful","level":"info"}
{"message":"Server running at localhost:5000","level":"info"}
{"message":"Database connection successful","level":"info"}
{"message":"Server running at localhost:5000","level":"info"}
{"message":"Database connection successful","level":"info"}
{"message":"Server running at localhost:5000","level":"info"}
{"message":"Database connection successful","level":"info"}
{"message":"Server running at localhost:5000","level":"info"}
{"message":"Database connection successful","level":"info"}
{"message":"Database connection successful","level":"info"}
{"message":"Server running at localhost:5000","level":"info"}
{"message":"Database connection successful","level":"info"}
{"message":"Server running at localhost:5000","level":"info"}
{"message":"Database connection successful","level":"info"}
{"message":"Server running at localhost:5000","level":"info"}
{"message":"Database connection successful","level":"info"}
{"message":"Server running at localhost:5000","level":"info"}
{"message":"Database connection successful","level":"info"}
{"message":"Server running at localhost:5000","level":"info"}
{"message":"Database connection successful","level":"info"}
{"message":"Server running at localhost:5000","level":"info"}
{"message":"Database connection successful","level":"info"}
{"message":"Server running at 0.0.0.0:5000","level":"info"}
